mode: set
github.com/elorenzotti/bookings/cmd/web/main.go:23.13,26.16 2 0
github.com/elorenzotti/bookings/cmd/web/main.go:26.16,28.3 1 0
github.com/elorenzotti/bookings/cmd/web/main.go:30.2,40.16 5 0
github.com/elorenzotti/bookings/cmd/web/main.go:44.18,60.16 10 1
github.com/elorenzotti/bookings/cmd/web/main.go:60.16,63.3 2 0
github.com/elorenzotti/bookings/cmd/web/main.go:65.2,75.12 6 1
github.com/elorenzotti/bookings/cmd/web/middleware.go:10.53,11.71 1 0
github.com/elorenzotti/bookings/cmd/web/middleware.go:11.71,14.3 2 0
github.com/elorenzotti/bookings/cmd/web/middleware.go:18.45,27.2 3 1
github.com/elorenzotti/bookings/cmd/web/middleware.go:30.50,32.2 1 1
github.com/elorenzotti/bookings/cmd/web/routes.go:12.49,40.2 18 1
